<?xml version="1.0" encoding="UTF-8"?>
<!-- Generated by org.testng.reporters.JUnitXMLReporter -->
<testsuite hostname="MTVL12047c587-2.local" name="Default test" tests="2" failures="0" timestamp="5 May 2018 17:25:09 GMT" time="141.235" errors="0">
  <testcase name="testGoogleSearchBar" time="63.121" classname="com.branch.testproject.GoogleHomePageTest"/>
  <testcase name="navigateBranchTeam" time="45.481" classname="com.branch.testproject.GoogleHomePageTest"/>
</testsuite> <!-- Default test -->
