<?xml version="1.0" encoding="UTF-8"?>
<!-- Generated by org.testng.reporters.JUnitXMLReporter -->
<testsuite hostname="mtvl1536be973" name="Default test" tests="3" failures="0" timestamp="7 May 2018 19:21:06 GMT" time="26.327" errors="0">
  <testcase name="testGoogleSearchAndNavigateToBranch" time="6.067" classname="com.branch.testproject.BranchEmployeeInfoTests"/>
  <testcase name="navigateBranchTeam" time="0.674" classname="com.branch.testproject.BranchEmployeeInfoTests"/>
  <testcase name="testEmployeesDepartmentsAllGroups" time="15.927" classname="com.branch.testproject.BranchEmployeeInfoTests"/>
</testsuite> <!-- Default test -->
