<?xml version="1.0" encoding="UTF-8"?>
<testng-results skipped="0" failed="0" total="0" passed="0">
  <reporter-output>
  </reporter-output>
  <suite name="com.branch.testproject.AppTest" duration-ms="2" started-at="2018-05-02T06:30:23Z" finished-at="2018-05-02T06:30:23Z">
    <groups>
    </groups>
    <test name="Command line test" duration-ms="2" started-at="2018-05-02T06:30:23Z" finished-at="2018-05-02T06:30:23Z">
    </test> <!-- Command line test -->
  </suite> <!-- com.branch.testproject.AppTest -->
</testng-results>
