<?xml version="1.0" encoding="UTF-8"?>
<testng-results skipped="0" failed="0" total="2" passed="2">
  <reporter-output>
  </reporter-output>
  <suite name="Default suite" duration-ms="141235" started-at="2018-05-05T17:22:47Z" finished-at="2018-05-05T17:25:08Z">
    <groups>
    </groups>
    <test name="Default test" duration-ms="141235" started-at="2018-05-05T17:22:47Z" finished-at="2018-05-05T17:25:08Z">
      <class name="com.branch.testproject.GoogleHomePageTest">
        <test-method status="PASS" signature="openBrowser()[pri:0, instance:com.branch.testproject.GoogleHomePageTest@7ce3cb8e]" name="openBrowser" is-config="true" duration-ms="4805" started-at="2018-05-05T10:22:47Z" finished-at="2018-05-05T10:22:52Z">
          <reporter-output>
          </reporter-output>
        </test-method> <!-- openBrowser -->
        <test-method status="PASS" signature="testGoogleSearchBar()[pri:0, instance:com.branch.testproject.GoogleHomePageTest@7ce3cb8e]" name="testGoogleSearchBar" duration-ms="63121" started-at="2018-05-05T10:22:52Z" finished-at="2018-05-05T10:23:55Z">
          <reporter-output>
          </reporter-output>
        </test-method> <!-- testGoogleSearchBar -->
        <test-method status="PASS" signature="navigateBranchTeam()[pri:0, instance:com.branch.testproject.GoogleHomePageTest@7ce3cb8e]" name="navigateBranchTeam" duration-ms="45481" started-at="2018-05-05T10:24:02Z" finished-at="2018-05-05T10:24:47Z">
          <reporter-output>
          </reporter-output>
        </test-method> <!-- navigateBranchTeam -->
        <test-method status="PASS" signature="closeBrowser()[pri:0, instance:com.branch.testproject.GoogleHomePageTest@7ce3cb8e]" name="closeBrowser" is-config="true" duration-ms="419" started-at="2018-05-05T10:25:08Z" finished-at="2018-05-05T10:25:08Z">
          <reporter-output>
          </reporter-output>
        </test-method> <!-- closeBrowser -->
      </class> <!-- com.branch.testproject.GoogleHomePageTest -->
    </test> <!-- Default test -->
  </suite> <!-- Default suite -->
</testng-results>
